#
# There is insufficient memory for the Java Runtime Environment to continue.
# Native memory allocation (malloc) failed to allocate 938416 bytes for Chunk::new
# Possible reasons:
#   The system is out of physical RAM or swap space
#   The process is running with CompressedOops enabled, and the Java Heap may be blocking the growth of the native heap
# Possible solutions:
#   Reduce memory load on the system
#   Increase physical memory or swap space
#   Check if swap backing store is full
#   Decrease Java heap size (-Xmx/-Xms)
#   Decrease number of Java threads
#   Decrease Java thread stack sizes (-Xss)
#   Set larger code cache with -XX:ReservedCodeCacheSize=
#   JVM is running with Zero Based Compressed Oops mode in which the Java heap is
#     placed in the first 32GB address space. The Java Heap base address is the
#     maximum limit for the native heap growth. Please use -XX:HeapBaseMinAddress
#     to set the Java Heap base and to place the Java Heap above 32GB virtual address.
# This output file may be truncated or incomplete.
#
#  Out of Memory Error (arena.cpp:168), pid=31836, tid=30872
#
# JRE version: Java(TM) SE Runtime Environment (21.0.1+12) (build 21.0.1+12-LTS-29)
# Java VM: Java HotSpot(TM) 64-Bit Server VM (21.0.1+12-LTS-29, mixed mode, sharing, tiered, compressed oops, compressed class ptrs, g1 gc, windows-amd64)
# No core dump will be written. Minidumps are not enabled by default on client versions of Windows
#

---------------  S U M M A R Y ------------

Command Line: --module-path=C:\Users\acer\Desktop\openjfx-21.0.2_windows-x64_bin-sdk\javafx-sdk-21.0.2\lib --add-modules=javafx.controls,javafx.fxml,javafx.graphics,javafx.media -javaagent:C:\Program Files\JetBrains\IntelliJ IDEA Community Edition 2023.3.2\lib\idea_rt.jar=49363:C:\Program Files\JetBrains\IntelliJ IDEA Community Edition 2023.3.2\bin -Dfile.encoding=UTF-8 -Dsun.stdout.encoding=UTF-8 -Dsun.stderr.encoding=UTF-8 game.Main

Host: 12th Gen Intel(R) Core(TM) i5-1240P, 16 cores, 15G,  Windows 11 , 64 bit Build 22621 (10.0.22621.3374)
Time: Thu Apr 25 23:57:25 2024 SE Asia Standard Time elapsed time: 3.730874 seconds (0d 0h 0m 3s)

---------------  T H R E A D  ---------------

Current thread (0x0000028c076471f0):  JavaThread "C2 CompilerThread1" daemon [_thread_in_native, id=30872, stack(0x000000c3c8800000,0x000000c3c8900000) (1024K)]


Current CompileTask:
C2:   3730 4024   !   4       com.sun.javafx.css.StyleManager::findMatchingStyles (1267 bytes)

Stack: [0x000000c3c8800000,0x000000c3c8900000]
Native frames: (J=compiled Java code, j=interpreted, Vv=VM code, C=native code)
V  [jvm.dll+0x6c9029]
V  [jvm.dll+0x854b81]
V  [jvm.dll+0x856e5e]
V  [jvm.dll+0x857543]
V  [jvm.dll+0x280c06]
V  [jvm.dll+0xc3ead]
V  [jvm.dll+0xc43c3]
V  [jvm.dll+0x2f3f3f]
V  [jvm.dll+0x5f40a6]
V  [jvm.dll+0x252bef]
V  [jvm.dll+0x252fbf]
V  [jvm.dll+0x24b734]
V  [jvm.dll+0x248fa3]
V  [jvm.dll+0x1c9ca1]
V  [jvm.dll+0x2586b9]
V  [jvm.dll+0x256c9a]
V  [jvm.dll+0x3ef1b6]
V  [jvm.dll+0x7fd728]
V  [jvm.dll+0x6c777d]
C  [ucrtbase.dll+0x29333]
C  [KERNEL32.DLL+0x1257d]
C  [ntdll.dll+0x5aa48]


---------------  P R O C E S S  ---------------

Threads class SMR info:
_java_thread_list=0x0000028c170e0110, length=33, elements={
0x0000028b9f891a40, 0x0000028bc1561850, 0x0000028bc1562770, 0x0000028bc1564b50,
0x0000028bc15677f0, 0x0000028bc156b510, 0x0000028bc15686e0, 0x0000028bc156fbb0,
0x0000028bc1592670, 0x0000028bc159d340, 0x0000028bc1806bf0, 0x0000028bc186aed0,
0x0000028bc186b580, 0x0000028bc18ecfc0, 0x0000028c070b1930, 0x0000028bc1a1b600,
0x0000028c07142d50, 0x0000028c09c8ccc0, 0x0000028c09e7ed40, 0x0000028c09f23700,
0x0000028c0a0de2a0, 0x0000028c0a212260, 0x0000028c0a2128f0, 0x0000028c0a778280,
0x0000028c0a776ed0, 0x0000028c0a773a50, 0x0000028c0a7740e0, 0x0000028c076471f0,
0x0000028c16a39db0, 0x0000028c16a38720, 0x0000028c16ddeb20, 0x0000028c16a30100,
0x0000028c16e468c0
}

Java Threads: ( => current thread )
  0x0000028b9f891a40 JavaThread "main"                              [_thread_blocked, id=12316, stack(0x000000c3c5000000,0x000000c3c5100000) (1024K)]
  0x0000028bc1561850 JavaThread "Reference Handler"          daemon [_thread_blocked, id=9308, stack(0x000000c3c5800000,0x000000c3c5900000) (1024K)]
  0x0000028bc1562770 JavaThread "Finalizer"                  daemon [_thread_blocked, id=10276, stack(0x000000c3c5900000,0x000000c3c5a00000) (1024K)]
  0x0000028bc1564b50 JavaThread "Signal Dispatcher"          daemon [_thread_blocked, id=17372, stack(0x000000c3c5a00000,0x000000c3c5b00000) (1024K)]
  0x0000028bc15677f0 JavaThread "Attach Listener"            daemon [_thread_blocked, id=19868, stack(0x000000c3c5b00000,0x000000c3c5c00000) (1024K)]
  0x0000028bc156b510 JavaThread "Service Thread"             daemon [_thread_blocked, id=21848, stack(0x000000c3c5c00000,0x000000c3c5d00000) (1024K)]
  0x0000028bc15686e0 JavaThread "Monitor Deflation Thread"   daemon [_thread_blocked, id=14816, stack(0x000000c3c5d00000,0x000000c3c5e00000) (1024K)]
  0x0000028bc156fbb0 JavaThread "C2 CompilerThread0"         daemon [_thread_blocked, id=26688, stack(0x000000c3c5e00000,0x000000c3c5f00000) (1024K)]
  0x0000028bc1592670 JavaThread "C1 CompilerThread0"         daemon [_thread_blocked, id=23856, stack(0x000000c3c5f00000,0x000000c3c6000000) (1024K)]
  0x0000028bc159d340 JavaThread "C1 CompilerThread1"         daemon [_thread_blocked, id=32788, stack(0x000000c3c6000000,0x000000c3c6100000) (1024K)]
  0x0000028bc1806bf0 JavaThread "Common-Cleaner"             daemon [_thread_blocked, id=26112, stack(0x000000c3c6100000,0x000000c3c6200000) (1024K)]
  0x0000028bc186aed0 JavaThread "C1 CompilerThread2"         daemon [_thread_blocked, id=33472, stack(0x000000c3c6200000,0x000000c3c6300000) (1024K)]
  0x0000028bc186b580 JavaThread "C1 CompilerThread3"         daemon [_thread_blocked, id=14944, stack(0x000000c3c6300000,0x000000c3c6400000) (1024K)]
  0x0000028bc18ecfc0 JavaThread "Monitor Ctrl-Break"         daemon [_thread_in_native, id=16868, stack(0x000000c3c6b00000,0x000000c3c6c00000) (1024K)]
  0x0000028c070b1930 JavaThread "Notification Thread"        daemon [_thread_blocked, id=34320, stack(0x000000c3c6c00000,0x000000c3c6d00000) (1024K)]
  0x0000028bc1a1b600 JavaThread "QuantumRenderer-0"          daemon [_thread_in_native, id=23680, stack(0x000000c3c6800000,0x000000c3c6900000) (1024K)]
  0x0000028c07142d50 JavaThread "InvokeLaterDispatcher"      daemon [_thread_blocked, id=1264, stack(0x000000c3c6900000,0x000000c3c6a00000) (1024K)]
  0x0000028c09c8ccc0 JavaThread "JavaFX Application Thread"         [_thread_in_native, id=21944, stack(0x000000c3c6a00000,0x000000c3c6b00000) (1024K)]
  0x0000028c09e7ed40 JavaThread "JavaFX-Launcher"                   [_thread_blocked, id=27496, stack(0x000000c3c6f00000,0x000000c3c7000000) (1024K)]
  0x0000028c09f23700 JavaThread "Thread-2"                   daemon [_thread_in_native, id=34096, stack(0x000000c3c6e00000,0x000000c3c6f00000) (1024K)]
  0x0000028c0a0de2a0 JavaThread "Prism Font Disposer"        daemon [_thread_blocked, id=21028, stack(0x000000c3c7500000,0x000000c3c7600000) (1024K)]
  0x0000028c0a212260 JavaThread "Java Sound Event Dispatcher" daemon [_thread_blocked, id=26392, stack(0x000000c3c7d00000,0x000000c3c7e00000) (1024K)]
  0x0000028c0a2128f0 JavaThread "Direct Clip"                daemon [_thread_blocked, id=29672, stack(0x000000c3c8100000,0x000000c3c8200000) (1024K)]
  0x0000028c0a778280 JavaThread "Cleaner-0"                  daemon [_thread_blocked, id=4752, stack(0x000000c3c8600000,0x000000c3c8700000) (1024K)]
  0x0000028c0a776ed0 JavaThread "Direct Clip"                daemon [_thread_blocked, id=19504, stack(0x000000c3c6400000,0x000000c3c6500000) (1024K)]
  0x0000028c0a773a50 JavaThread "Thread-5"                          [_thread_blocked, id=14212, stack(0x000000c3c6600000,0x000000c3c6700000) (1024K)]
  0x0000028c0a7740e0 JavaThread "Direct Clip"                daemon [_thread_in_vm, id=15544, stack(0x000000c3c8700000,0x000000c3c8800000) (1024K)]
=>0x0000028c076471f0 JavaThread "C2 CompilerThread1"         daemon [_thread_in_native, id=30872, stack(0x000000c3c8800000,0x000000c3c8900000) (1024K)]
  0x0000028c16a39db0 JavaThread "C2 CompilerThread2"         daemon [_thread_blocked, id=28332, stack(0x000000c3c8900000,0x000000c3c8a00000) (1024K)]
  0x0000028c16a38720 JavaThread "C2 CompilerThread3"         daemon [_thread_blocked, id=17944, stack(0x000000c3c8a00000,0x000000c3c8b00000) (1024K)]
  0x0000028c16ddeb20 JavaThread "C2 CompilerThread4"         daemon [_thread_blocked, id=4960, stack(0x000000c3c8b00000,0x000000c3c8c00000) (1024K)]
  0x0000028c16a30100 JavaThread "C2 CompilerThread5"         daemon [_thread_blocked, id=34792, stack(0x000000c3c8c00000,0x000000c3c8d00000) (1024K)]
  0x0000028c16e468c0 JavaThread "C2 CompilerThread6"         daemon [_thread_in_native, id=15472, stack(0x000000c3c8d00000,0x000000c3c8e00000) (1024K)]
Total: 33

Other Threads:
  0x0000028bc1542a80 VMThread "VM Thread"                           [id=29156, stack(0x000000c3c5700000,0x000000c3c5800000) (1024K)]
  0x0000028bc152beb0 WatcherThread "VM Periodic Task Thread"        [id=14848, stack(0x000000c3c5600000,0x000000c3c5700000) (1024K)]
  0x0000028ba1abf350 WorkerThread "GC Thread#0"                     [id=19664, stack(0x000000c3c5100000,0x000000c3c5200000) (1024K)]
  0x0000028c0a094010 WorkerThread "GC Thread#1"                     [id=18196, stack(0x000000c3c7000000,0x000000c3c7100000) (1024K)]
  0x0000028c0a0943b0 WorkerThread "GC Thread#2"                     [id=1256, stack(0x000000c3c7100000,0x000000c3c7200000) (1024K)]
  0x0000028c09f3fdc0 WorkerThread "GC Thread#3"                     [id=28876, stack(0x000000c3c7200000,0x000000c3c7300000) (1024K)]
  0x0000028c09f40160 WorkerThread "GC Thread#4"                     [id=12760, stack(0x000000c3c7300000,0x000000c3c7400000) (1024K)]
  0x0000028c09efe0b0 WorkerThread "GC Thread#5"                     [id=15100, stack(0x000000c3c7400000,0x000000c3c7500000) (1024K)]
  0x0000028c09efe450 WorkerThread "GC Thread#6"                     [id=11844, stack(0x000000c3c7600000,0x000000c3c7700000) (1024K)]
  0x0000028c09efe7f0 WorkerThread "GC Thread#7"                     [id=15952, stack(0x000000c3c7700000,0x000000c3c7800000) (1024K)]
  0x0000028c09efd230 WorkerThread "GC Thread#8"                     [id=20936, stack(0x000000c3c7800000,0x000000c3c7900000) (1024K)]
  0x0000028c09efeb90 WorkerThread "GC Thread#9"                     [id=7936, stack(0x000000c3c7900000,0x000000c3c7a00000) (1024K)]
  0x0000028c09efd5d0 WorkerThread "GC Thread#10"                    [id=19464, stack(0x000000c3c7a00000,0x000000c3c7b00000) (1024K)]
  0x0000028c09efd970 WorkerThread "GC Thread#11"                    [id=1072, stack(0x000000c3c7b00000,0x000000c3c7c00000) (1024K)]
  0x0000028ba1ad08f0 ConcurrentGCThread "G1 Main Marker"            [id=2648, stack(0x000000c3c5200000,0x000000c3c5300000) (1024K)]
  0x0000028ba1ad2ba0 WorkerThread "G1 Conc#0"                       [id=20056, stack(0x000000c3c5300000,0x000000c3c5400000) (1024K)]
  0x0000028bc13fada0 ConcurrentGCThread "G1 Refine#0"               [id=18628, stack(0x000000c3c5400000,0x000000c3c5500000) (1024K)]
  0x0000028bc13fb820 ConcurrentGCThread "G1 Service"                [id=16652, stack(0x000000c3c5500000,0x000000c3c5600000) (1024K)]
Total: 18

Threads with active compile tasks:
C2 CompilerThread1     3901 4024   !   4       com.sun.javafx.css.StyleManager::findMatchingStyles (1267 bytes)
C2 CompilerThread6     3901 4338       4       com.sun.javafx.sg.prism.NGGroup::computeRenderRoot (398 bytes)
Total: 2

VM state: not at safepoint (normal execution)

VM Mutex/Monitor currently owned by a thread:  ([mutex/lock_event])
[0x00007ffc5c459178] MethodCompileQueue_lock - owner thread: 0x0000000000000000

Heap address: 0x0000000704800000, size: 4024 MB, Compressed Oops mode: Zero based, Oop shift amount: 3

CDS archive(s) mapped at: [0x0000028bc2000000-0x0000028bc2c90000-0x0000028bc2c90000), size 13172736, SharedBaseAddress: 0x0000028bc2000000, ArchiveRelocationMode: 1.
Compressed class space mapped at: 0x0000028bc3000000-0x0000028c03000000, reserved size: 1073741824
Narrow klass base: 0x0000028bc2000000, Narrow klass shift: 0, Narrow klass range: 0x100000000

GC Precious Log:
 CardTable entry size: 512
 Card Set container configuration: InlinePtr #cards 4 size 8 Array Of Cards #cards 16 size 48 Howl #buckets 8 coarsen threshold 3686 Howl Bitmap #cards 512 size 80 coarsen threshold 460 Card regions per heap region 1 cards per card region 4096
 CPUs: 16 total, 16 available
 Memory: 16088M
 Large Page Support: Disabled
 NUMA Support: Disabled
 Compressed Oops: Enabled (Zero based)
 Heap Region Size: 2M
 Heap Min Capacity: 8M
 Heap Initial Capacity: 252M
 Heap Max Capacity: 4024M
 Pre-touch: Disabled
 Parallel Workers: 13
 Concurrent Workers: 3
 Concurrent Refinement Workers: 13
 Periodic GC: Disabled

Heap:
 garbage-first heap   total 258048K, used 129540K [0x0000000704800000, 0x0000000800000000)
  region size 2048K, 39 young (79872K), 3 survivors (6144K)
 Metaspace       used 17037K, committed 17344K, reserved 1114112K
  class space    used 2415K, committed 2560K, reserved 1048576K

Heap Regions: E=young(eden), S=young(survivor), O=old, HS=humongous(starts), HC=humongous(continues), CS=collection set, F=free, TAMS=top-at-mark-start, PB=parsable bottom
|   0|0x0000000704800000, 0x0000000704a00000, 0x0000000704a00000|100%| O|  |TAMS 0x0000000704800000| PB 0x0000000704800000| Untracked 
|   1|0x0000000704a00000, 0x0000000704a81000, 0x0000000704c00000| 25%| O|  |TAMS 0x0000000704a00000| PB 0x0000000704a00000| Untracked 
|   2|0x0000000704c00000, 0x0000000704e00000, 0x0000000704e00000|100%|HS|  |TAMS 0x0000000704c00000| PB 0x0000000704c00000| Complete 
|   3|0x0000000704e00000, 0x0000000705000000, 0x0000000705000000|100%|HC|  |TAMS 0x0000000704e00000| PB 0x0000000704e00000| Complete 
|   4|0x0000000705000000, 0x0000000705200000, 0x0000000705200000|100%|HC|  |TAMS 0x0000000705000000| PB 0x0000000705000000| Complete 
|   5|0x0000000705200000, 0x0000000705400000, 0x0000000705400000|100%|HC|  |TAMS 0x0000000705200000| PB 0x0000000705200000| Complete 
|   6|0x0000000705400000, 0x0000000705600000, 0x0000000705600000|100%|HC|  |TAMS 0x0000000705400000| PB 0x0000000705400000| Complete 
|   7|0x0000000705600000, 0x0000000705800000, 0x0000000705800000|100%|HC|  |TAMS 0x0000000705600000| PB 0x0000000705600000| Complete 
|   8|0x0000000705800000, 0x0000000705a00000, 0x0000000705a00000|100%|HC|  |TAMS 0x0000000705800000| PB 0x0000000705800000| Complete 
|   9|0x0000000705a00000, 0x0000000705c00000, 0x0000000705c00000|100%|HC|  |TAMS 0x0000000705a00000| PB 0x0000000705a00000| Complete 
|  10|0x0000000705c00000, 0x0000000705e00000, 0x0000000705e00000|100%|HC|  |TAMS 0x0000000705c00000| PB 0x0000000705c00000| Complete 
|  11|0x0000000705e00000, 0x0000000706000000, 0x0000000706000000|100%|HC|  |TAMS 0x0000000705e00000| PB 0x0000000705e00000| Complete 
|  12|0x0000000706000000, 0x0000000706200000, 0x0000000706200000|100%|HC|  |TAMS 0x0000000706000000| PB 0x0000000706000000| Complete 
|  13|0x0000000706200000, 0x0000000706400000, 0x0000000706400000|100%|HS|  |TAMS 0x0000000706200000| PB 0x0000000706200000| Complete 
|  14|0x0000000706400000, 0x0000000706600000, 0x0000000706600000|100%|HS|  |TAMS 0x0000000706400000| PB 0x0000000706400000| Complete 
|  15|0x0000000706600000, 0x0000000706800000, 0x0000000706800000|100%|HC|  |TAMS 0x0000000706600000| PB 0x0000000706600000| Complete 
|  16|0x0000000706800000, 0x0000000706a00000, 0x0000000706a00000|100%|HC|  |TAMS 0x0000000706800000| PB 0x0000000706800000| Complete 
|  17|0x0000000706a00000, 0x0000000706c00000, 0x0000000706c00000|100%|HC|  |TAMS 0x0000000706a00000| PB 0x0000000706a00000| Complete 
|  18|0x0000000706c00000, 0x0000000706e00000, 0x0000000706e00000|100%|HC|  |TAMS 0x0000000706c00000| PB 0x0000000706c00000| Complete 
|  19|0x0000000706e00000, 0x0000000707000000, 0x0000000707000000|100%|HC|  |TAMS 0x0000000706e00000| PB 0x0000000706e00000| Complete 
|  20|0x0000000707000000, 0x0000000707200000, 0x0000000707200000|100%|HC|  |TAMS 0x0000000707000000| PB 0x0000000707000000| Complete 
|  21|0x0000000707200000, 0x0000000707400000, 0x0000000707400000|100%|HC|  |TAMS 0x0000000707200000| PB 0x0000000707200000| Complete 
|  22|0x0000000707400000, 0x0000000707600000, 0x0000000707600000|100%|HC|  |TAMS 0x0000000707400000| PB 0x0000000707400000| Complete 
|  23|0x0000000707600000, 0x0000000707800000, 0x0000000707800000|100%|HC|  |TAMS 0x0000000707600000| PB 0x0000000707600000| Complete 
|  24|0x0000000707800000, 0x0000000707a00000, 0x0000000707a00000|100%|HC|  |TAMS 0x0000000707800000| PB 0x0000000707800000| Complete 
|  25|0x0000000707a00000, 0x0000000707c00000, 0x0000000707c00000|100%|HC|  |TAMS 0x0000000707a00000| PB 0x0000000707a00000| Complete 
|  26|0x0000000707c00000, 0x0000000707c00000, 0x0000000707e00000|  0%| F|  |TAMS 0x0000000707c00000| PB 0x0000000707c00000| Untracked 
|  27|0x0000000707e00000, 0x0000000707e00000, 0x0000000708000000|  0%| F|  |TAMS 0x0000000707e00000| PB 0x0000000707e00000| Untracked 
|  28|0x0000000708000000, 0x0000000708000000, 0x0000000708200000|  0%| F|  |TAMS 0x0000000708000000| PB 0x0000000708000000| Untracked 
|  29|0x0000000708200000, 0x0000000708200000, 0x0000000708400000|  0%| F|  |TAMS 0x0000000708200000| PB 0x0000000708200000| Untracked 
|  30|0x0000000708400000, 0x0000000708400000, 0x0000000708600000|  0%| F|  |TAMS 0x0000000708400000| PB 0x0000000708400000| Untracked 
|  31|0x0000000708600000, 0x0000000708600000, 0x0000000708800000|  0%| F|  |TAMS 0x0000000708600000| PB 0x0000000708600000| Untracked 
|  32|0x0000000708800000, 0x0000000708800000, 0x0000000708a00000|  0%| F|  |TAMS 0x0000000708800000| PB 0x0000000708800000| Untracked 
|  33|0x0000000708a00000, 0x0000000708a00000, 0x0000000708c00000|  0%| F|  |TAMS 0x0000000708a00000| PB 0x0000000708a00000| Untracked 
|  34|0x0000000708c00000, 0x0000000708c00000, 0x0000000708e00000|  0%| F|  |TAMS 0x0000000708c00000| PB 0x0000000708c00000| Untracked 
|  35|0x0000000708e00000, 0x0000000708e00000, 0x0000000709000000|  0%| F|  |TAMS 0x0000000708e00000| PB 0x0000000708e00000| Untracked 
|  36|0x0000000709000000, 0x0000000709000000, 0x0000000709200000|  0%| F|  |TAMS 0x0000000709000000| PB 0x0000000709000000| Untracked 
|  37|0x0000000709200000, 0x0000000709200000, 0x0000000709400000|  0%| F|  |TAMS 0x0000000709200000| PB 0x0000000709200000| Untracked 
|  38|0x0000000709400000, 0x0000000709400000, 0x0000000709600000|  0%| F|  |TAMS 0x0000000709400000| PB 0x0000000709400000| Untracked 
|  39|0x0000000709600000, 0x0000000709600000, 0x0000000709800000|  0%| F|  |TAMS 0x0000000709600000| PB 0x0000000709600000| Untracked 
|  40|0x0000000709800000, 0x0000000709800000, 0x0000000709a00000|  0%| F|  |TAMS 0x0000000709800000| PB 0x0000000709800000| Untracked 
|  41|0x0000000709a00000, 0x0000000709a00000, 0x0000000709c00000|  0%| F|  |TAMS 0x0000000709a00000| PB 0x0000000709a00000| Untracked 
|  42|0x0000000709c00000, 0x0000000709c00000, 0x0000000709e00000|  0%| F|  |TAMS 0x0000000709c00000| PB 0x0000000709c00000| Untracked 
|  43|0x0000000709e00000, 0x0000000709e00000, 0x000000070a000000|  0%| F|  |TAMS 0x0000000709e00000| PB 0x0000000709e00000| Untracked 
|  44|0x000000070a000000, 0x000000070a000000, 0x000000070a200000|  0%| F|  |TAMS 0x000000070a000000| PB 0x000000070a000000| Untracked 
|  45|0x000000070a200000, 0x000000070a200000, 0x000000070a400000|  0%| F|  |TAMS 0x000000070a200000| PB 0x000000070a200000| Untracked 
|  46|0x000000070a400000, 0x000000070a400000, 0x000000070a600000|  0%| F|  |TAMS 0x000000070a400000| PB 0x000000070a400000| Untracked 
|  47|0x000000070a600000, 0x000000070a600000, 0x000000070a800000|  0%| F|  |TAMS 0x000000070a600000| PB 0x000000070a600000| Untracked 
|  48|0x000000070a800000, 0x000000070a800000, 0x000000070aa00000|  0%| F|  |TAMS 0x000000070a800000| PB 0x000000070a800000| Untracked 
|  49|0x000000070aa00000, 0x000000070aa00000, 0x000000070ac00000|  0%| F|  |TAMS 0x000000070aa00000| PB 0x000000070aa00000| Untracked 
|  50|0x000000070ac00000, 0x000000070ac00000, 0x000000070ae00000|  0%| F|  |TAMS 0x000000070ac00000| PB 0x000000070ac00000| Untracked 
|  51|0x000000070ae00000, 0x000000070ae00000, 0x000000070b000000|  0%| F|  |TAMS 0x000000070ae00000| PB 0x000000070ae00000| Untracked 
|  52|0x000000070b000000, 0x000000070b000000, 0x000000070b200000|  0%| F|  |TAMS 0x000000070b000000| PB 0x000000070b000000| Untracked 
|  53|0x000000070b200000, 0x000000070b200000, 0x000000070b400000|  0%| F|  |TAMS 0x000000070b200000| PB 0x000000070b200000| Untracked 
|  54|0x000000070b400000, 0x000000070b400000, 0x000000070b600000|  0%| F|  |TAMS 0x000000070b400000| PB 0x000000070b400000| Untracked 
|  55|0x000000070b600000, 0x000000070b600000, 0x000000070b800000|  0%| F|  |TAMS 0x000000070b600000| PB 0x000000070b600000| Untracked 
|  56|0x000000070b800000, 0x000000070b800000, 0x000000070ba00000|  0%| F|  |TAMS 0x000000070b800000| PB 0x000000070b800000| Untracked 
|  57|0x000000070ba00000, 0x000000070ba00000, 0x000000070bc00000|  0%| F|  |TAMS 0x000000070ba00000| PB 0x000000070ba00000| Untracked 
|  58|0x000000070bc00000, 0x000000070bc00000, 0x000000070be00000|  0%| F|  |TAMS 0x000000070bc00000| PB 0x000000070bc00000| Untracked 
|  59|0x000000070be00000, 0x000000070be00000, 0x000000070c000000|  0%| F|  |TAMS 0x000000070be00000| PB 0x000000070be00000| Untracked 
|  60|0x000000070c000000, 0x000000070c000000, 0x000000070c200000|  0%| F|  |TAMS 0x000000070c000000| PB 0x000000070c000000| Untracked 
|  61|0x000000070c200000, 0x000000070c200000, 0x000000070c400000|  0%| F|  |TAMS 0x000000070c200000| PB 0x000000070c200000| Untracked 
|  62|0x000000070c400000, 0x000000070c400000, 0x000000070c600000|  0%| F|  |TAMS 0x000000070c400000| PB 0x000000070c400000| Untracked 
|  63|0x000000070c600000, 0x000000070c600000, 0x000000070c800000|  0%| F|  |TAMS 0x000000070c600000| PB 0x000000070c600000| Untracked 
|  64|0x000000070c800000, 0x000000070c800000, 0x000000070ca00000|  0%| F|  |TAMS 0x000000070c800000| PB 0x000000070c800000| Untracked 
|  65|0x000000070ca00000, 0x000000070ca00000, 0x000000070cc00000|  0%| F|  |TAMS 0x000000070ca00000| PB 0x000000070ca00000| Untracked 
|  66|0x000000070cc00000, 0x000000070cc00000, 0x000000070ce00000|  0%| F|  |TAMS 0x000000070cc00000| PB 0x000000070cc00000| Untracked 
|  67|0x000000070ce00000, 0x000000070ce00000, 0x000000070d000000|  0%| F|  |TAMS 0x000000070ce00000| PB 0x000000070ce00000| Untracked 
|  68|0x000000070d000000, 0x000000070d000000, 0x000000070d200000|  0%| F|  |TAMS 0x000000070d000000| PB 0x000000070d000000| Untracked 
|  69|0x000000070d200000, 0x000000070d200000, 0x000000070d400000|  0%| F|  |TAMS 0x000000070d200000| PB 0x000000070d200000| Untracked 
|  70|0x000000070d400000, 0x000000070d400000, 0x000000070d600000|  0%| F|  |TAMS 0x000000070d400000| PB 0x000000070d400000| Untracked 
|  71|0x000000070d600000, 0x000000070d600000, 0x000000070d800000|  0%| F|  |TAMS 0x000000070d600000| PB 0x000000070d600000| Untracked 
|  72|0x000000070d800000, 0x000000070d800000, 0x000000070da00000|  0%| F|  |TAMS 0x000000070d800000| PB 0x000000070d800000| Untracked 
|  73|0x000000070da00000, 0x000000070da00000, 0x000000070dc00000|  0%| F|  |TAMS 0x000000070da00000| PB 0x000000070da00000| Untracked 
|  74|0x000000070dc00000, 0x000000070dc00000, 0x000000070de00000|  0%| F|  |TAMS 0x000000070dc00000| PB 0x000000070dc00000| Untracked 
|  75|0x000000070de00000, 0x000000070de00000, 0x000000070e000000|  0%| F|  |TAMS 0x000000070de00000| PB 0x000000070de00000| Untracked 
|  76|0x000000070e000000, 0x000000070e000000, 0x000000070e200000|  0%| F|  |TAMS 0x000000070e000000| PB 0x000000070e000000| Untracked 
|  77|0x000000070e200000, 0x000000070e200000, 0x000000070e400000|  0%| F|  |TAMS 0x000000070e200000| PB 0x000000070e200000| Untracked 
|  78|0x000000070e400000, 0x000000070e400000, 0x000000070e600000|  0%| F|  |TAMS 0x000000070e400000| PB 0x000000070e400000| Untracked 
|  79|0x000000070e600000, 0x000000070e600000, 0x000000070e800000|  0%| F|  |TAMS 0x000000070e600000| PB 0x000000070e600000| Untracked 
|  80|0x000000070e800000, 0x000000070e800000, 0x000000070ea00000|  0%| F|  |TAMS 0x000000070e800000| PB 0x000000070e800000| Untracked 
|  81|0x000000070ea00000, 0x000000070ea00000, 0x000000070ec00000|  0%| F|  |TAMS 0x000000070ea00000| PB 0x000000070ea00000| Untracked 
|  82|0x000000070ec00000, 0x000000070ec00000, 0x000000070ee00000|  0%| F|  |TAMS 0x000000070ec00000| PB 0x000000070ec00000| Untracked 
|  83|0x000000070ee00000, 0x000000070ee00000, 0x000000070f000000|  0%| F|  |TAMS 0x000000070ee00000| PB 0x000000070ee00000| Untracked 
|  84|0x000000070f000000, 0x000000070f000000, 0x000000070f200000|  0%| F|  |TAMS 0x000000070f000000| PB 0x000000070f000000| Untracked 
|  85|0x000000070f200000, 0x000000070f200000, 0x000000070f400000|  0%| F|  |TAMS 0x000000070f200000| PB 0x000000070f200000| Untracked 
|  86|0x000000070f400000, 0x000000070f400000, 0x000000070f600000|  0%| F|  |TAMS 0x000000070f400000| PB 0x000000070f400000| Untracked 
|  87|0x000000070f600000, 0x000000070f680760, 0x000000070f800000| 25%| E|  |TAMS 0x000000070f600000| PB 0x000000070f600000| Complete 
|  88|0x000000070f800000, 0x000000070fa00000, 0x000000070fa00000|100%| E|CS|TAMS 0x000000070f800000| PB 0x000000070f800000| Complete 
|  89|0x000000070fa00000, 0x000000070fc00000, 0x000000070fc00000|100%| E|CS|TAMS 0x000000070fa00000| PB 0x000000070fa00000| Complete 
|  90|0x000000070fc00000, 0x000000070fe00000, 0x000000070fe00000|100%| E|CS|TAMS 0x000000070fc00000| PB 0x000000070fc00000| Complete 
|  91|0x000000070fe00000, 0x0000000710000000, 0x0000000710000000|100%| E|CS|TAMS 0x000000070fe00000| PB 0x000000070fe00000| Complete 
|  92|0x0000000710000000, 0x0000000710200000, 0x0000000710200000|100%| E|CS|TAMS 0x0000000710000000| PB 0x0000000710000000| Complete 
|  93|0x0000000710200000, 0x0000000710400000, 0x0000000710400000|100%| E|CS|TAMS 0x0000000710200000| PB 0x0000000710200000| Complete 
|  94|0x0000000710400000, 0x0000000710600000, 0x0000000710600000|100%| E|CS|TAMS 0x0000000710400000| PB 0x0000000710400000| Complete 
|  95|0x0000000710600000, 0x0000000710800000, 0x0000000710800000|100%| E|CS|TAMS 0x0000000710600000| PB 0x0000000710600000| Complete 
|  96|0x0000000710800000, 0x0000000710a00000, 0x0000000710a00000|100%| E|CS|TAMS 0x0000000710800000| PB 0x0000000710800000| Complete 
|  97|0x0000000710a00000, 0x0000000710c00000, 0x0000000710c00000|100%| E|CS|TAMS 0x0000000710a00000| PB 0x0000000710a00000| Complete 
|  98|0x0000000710c00000, 0x0000000710e00000, 0x0000000710e00000|100%| E|CS|TAMS 0x0000000710c00000| PB 0x0000000710c00000| Complete 
|  99|0x0000000710e00000, 0x0000000711000000, 0x0000000711000000|100%| E|CS|TAMS 0x0000000710e00000| PB 0x0000000710e00000| Complete 
| 100|0x0000000711000000, 0x0000000711200000, 0x0000000711200000|100%| E|CS|TAMS 0x0000000711000000| PB 0x0000000711000000| Complete 
| 101|0x0000000711200000, 0x0000000711400000, 0x0000000711400000|100%| E|CS|TAMS 0x0000000711200000| PB 0x0000000711200000| Complete 
| 102|0x0000000711400000, 0x0000000711600000, 0x0000000711600000|100%| S|CS|TAMS 0x0000000711400000| PB 0x0000000711400000| Complete 
| 103|0x0000000711600000, 0x0000000711800000, 0x0000000711800000|100%| S|CS|TAMS 0x0000000711600000| PB 0x0000000711600000| Complete 
| 104|0x0000000711800000, 0x0000000711a00000, 0x0000000711a00000|100%| S|CS|TAMS 0x0000000711800000| PB 0x0000000711800000| Complete 
| 105|0x0000000711a00000, 0x0000000711c00000, 0x0000000711c00000|100%| E|CS|TAMS 0x0000000711a00000| PB 0x0000000711a00000| Complete 
| 106|0x0000000711c00000, 0x0000000711e00000, 0x0000000711e00000|100%| E|CS|TAMS 0x0000000711c00000| PB 0x0000000711c00000| Complete 
| 107|0x0000000711e00000, 0x0000000712000000, 0x0000000712000000|100%| E|CS|TAMS 0x0000000711e00000| PB 0x0000000711e00000| Complete 
| 108|0x0000000712000000, 0x0000000712200000, 0x0000000712200000|100%| E|CS|TAMS 0x0000000712000000| PB 0x0000000712000000| Complete 
| 109|0x0000000712200000, 0x0000000712400000, 0x0000000712400000|100%| E|CS|TAMS 0x0000000712200000| PB 0x0000000712200000| Complete 
| 110|0x0000000712400000, 0x0000000712600000, 0x0000000712600000|100%| E|CS|TAMS 0x0000000712400000| PB 0x0000000712400000| Complete 
| 111|0x0000000712600000, 0x0000000712800000, 0x0000000712800000|100%| E|CS|TAMS 0x0000000712600000| PB 0x0000000712600000| Complete 
| 112|0x0000000712800000, 0x0000000712a00000, 0x0000000712a00000|100%| E|CS|TAMS 0x0000000712800000| PB 0x0000000712800000| Complete 
| 113|0x0000000712a00000, 0x0000000712c00000, 0x0000000712c00000|100%| E|CS|TAMS 0x0000000712a00000| PB 0x0000000712a00000| Complete 
| 114|0x0000000712c00000, 0x0000000712e00000, 0x0000000712e00000|100%| E|CS|TAMS 0x0000000712c00000| PB 0x0000000712c00000| Complete 
| 115|0x0000000712e00000, 0x0000000713000000, 0x0000000713000000|100%| E|CS|TAMS 0x0000000712e00000| PB 0x0000000712e00000| Complete 
| 116|0x0000000713000000, 0x0000000713200000, 0x0000000713200000|100%| E|CS|TAMS 0x0000000713000000| PB 0x0000000713000000| Complete 
| 117|0x0000000713200000, 0x0000000713400000, 0x0000000713400000|100%| E|CS|TAMS 0x0000000713200000| PB 0x0000000713200000| Complete 
| 118|0x0000000713400000, 0x0000000713600000, 0x0000000713600000|100%| E|CS|TAMS 0x0000000713400000| PB 0x0000000713400000| Complete 
| 119|0x0000000713600000, 0x0000000713800000, 0x0000000713800000|100%| E|CS|TAMS 0x0000000713600000| PB 0x0000000713600000| Complete 
| 120|0x0000000713800000, 0x0000000713a00000, 0x0000000713a00000|100%| E|CS|TAMS 0x0000000713800000| PB 0x0000000713800000| Complete 
| 121|0x0000000713a00000, 0x0000000713c00000, 0x0000000713c00000|100%| E|CS|TAMS 0x0000000713a00000| PB 0x0000000713a00000| Complete 
| 122|0x0000000713c00000, 0x0000000713e00000, 0x0000000713e00000|100%| E|CS|TAMS 0x0000000713c00000| PB 0x0000000713c00000| Complete 
| 123|0x0000000713e00000, 0x0000000714000000, 0x0000000714000000|100%| E|CS|TAMS 0x0000000713e00000| PB 0x0000000713e00000| Complete 
| 124|0x0000000714000000, 0x0000000714200000, 0x0000000714200000|100%| E|CS|TAMS 0x0000000714000000| PB 0x0000000714000000| Complete 
| 125|0x0000000714200000, 0x0000000714400000, 0x0000000714400000|100%| E|CS|TAMS 0x0000000714200000| PB 0x0000000714200000| Complete 

Card table byte_map: [0x0000028bb9f10000,0x0000028bba6f0000] _byte_map_base: 0x0000028bb66ec000

Marking Bits: (CMBitMap*) 0x0000028ba1ac0260
 Bits: [0x0000028bba6f0000, 0x0000028bbe5d0000)

Polling page: 0x0000028b9f830000

Metaspace:

Usage:
  Non-class:     14.29 MB used.
      Class:      2.36 MB used.
       Both:     16.65 MB used.

Virtual space:
  Non-class space:       64.00 MB reserved,      14.44 MB ( 23%) committed,  1 nodes.
      Class space:        1.00 GB reserved,       2.50 MB ( <1%) committed,  1 nodes.
             Both:        1.06 GB reserved,      16.94 MB (  2%) committed. 

Chunk freelists:
   Non-Class:  1.53 MB
       Class:  13.41 MB
        Both:  14.94 MB

MaxMetaspaceSize: unlimited
CompressedClassSpaceSize: 1.00 GB
Initial GC threshold: 21.00 MB
Current GC threshold: 21.00 MB
CDS: on
 - commit_granule_bytes: 65536.
 - commit_granule_words: 8192.
 - virtual_space_node_default_size: 8388608.
 - enlarge_chunks_in_place: 1.
 - use_allocation_guard: 0.


Internal statistics:

num_allocs_failed_limit: 0.
num_arena_births: 262.
num_arena_deaths: 0.
num_vsnodes_births: 2.
num_vsnodes_deaths: 0.
num_space_committed: 271.
num_space_uncommitted: 0.
num_chunks_returned_to_freelist: 0.
num_chunks_taken_from_freelist: 805.
num_chunk_merges: 0.
num_chunk_splits: 576.
num_chunks_enlarged: 446.
num_inconsistent_stats: 0.

CodeHeap 'non-profiled nmethods': size=119168Kb used=1892Kb max_used=1892Kb free=117275Kb
 bounds [0x0000028bb1a50000, 0x0000028bb1cc0000, 0x0000028bb8eb0000]
CodeHeap 'profiled nmethods': size=119104Kb used=8791Kb max_used=8791Kb free=110312Kb
 bounds [0x0000028ba9eb0000, 0x0000028baa750000, 0x0000028bb1300000]
CodeHeap 'non-nmethods': size=7488Kb used=3527Kb max_used=3559Kb free=3960Kb
 bounds [0x0000028bb1300000, 0x0000028bb1680000, 0x0000028bb1a50000]
 total_blobs=5191 nmethods=4347 adapters=745
 compilation: enabled
              stopped_count=0, restarted_count=0
 full_count=0

Compilation events (20 events):
Event: 3.721 Thread 0x0000028bc186aed0 4215       3       javafx.scene.shape.Shape::doMarkDirty (40 bytes)
Event: 3.721 Thread 0x0000028bc156fbb0 nmethod 4203 0x0000028bb1c10890 code [0x0000028bb1c10b80, 0x0000028bb1c11d68]
Event: 3.721 Thread 0x0000028bc186b580 nmethod 4214 0x0000028baa6fd010 code [0x0000028baa6fd1c0, 0x0000028baa6fd400]
Event: 3.721 Thread 0x0000028bc159d340 nmethod 4213 0x0000028baa6fd510 code [0x0000028baa6fd740, 0x0000028baa6fde80]
Event: 3.722 Thread 0x0000028bc186aed0 nmethod 4215 0x0000028baa6fe190 code [0x0000028baa6fe3a0, 0x0000028baa6fea88]
Event: 3.723 Thread 0x0000028c16ddeb20 nmethod 4212 0x0000028bb1c13090 code [0x0000028bb1c13260, 0x0000028bb1c13538]
Event: 3.724 Thread 0x0000028bc186aed0 4216       1       java.util.LinkedList::size (5 bytes)
Event: 3.724 Thread 0x0000028bc159d340 4217   !   3       java.util.concurrent.locks.AbstractQueuedSynchronizer$ConditionObject::newConditionNode (78 bytes)
Event: 3.724 Thread 0x0000028bc186b580 4218       3       java.util.concurrent.locks.AbstractQueuedSynchronizer$ConditionNode::<init> (5 bytes)
Event: 3.724 Thread 0x0000028bc186aed0 nmethod 4216 0x0000028bb1c13810 code [0x0000028bb1c139a0, 0x0000028bb1c13a68]
Event: 3.724 Thread 0x0000028bc186aed0 4219       3       java.util.concurrent.locks.AbstractQueuedSynchronizer$ConditionObject::enableWait (84 bytes)
Event: 3.724 Thread 0x0000028bc1592670 4220       3       java.util.concurrent.locks.AbstractQueuedSynchronizer$Node::setStatusRelaxed (12 bytes)
Event: 3.724 Thread 0x0000028bc1592670 nmethod 4220 0x0000028baa6fec90 code [0x0000028baa6fee20, 0x0000028baa6fef38]
Event: 3.724 Thread 0x0000028bc186b580 nmethod 4218 0x0000028baa6ff010 code [0x0000028baa6ff1c0, 0x0000028baa6ff388]
Event: 3.725 Thread 0x0000028bc1592670 4221       3       com.sun.javafx.tk.quantum.PaintCollector::setDirty (19 bytes)
Event: 3.725 Thread 0x0000028bc186b580 4222       1       com.sun.glass.ui.Application::hasWindowManager (2 bytes)
Event: 3.725 Thread 0x0000028bc186b580 nmethod 4222 0x0000028bb1c13b10 code [0x0000028bb1c13ca0, 0x0000028bb1c13d68]
Event: 3.725 Thread 0x0000028bc159d340 nmethod 4217 0x0000028baa6ff490 code [0x0000028baa6ff700, 0x0000028baa6fff30]
Event: 3.725 Thread 0x0000028bc186aed0 nmethod 4219 0x0000028baa700210 code [0x0000028baa700440, 0x0000028baa700be0]
Event: 3.725 Thread 0x0000028bc1592670 nmethod 4221 0x0000028baa700e90 code [0x0000028baa7010a0, 0x0000028baa701830]

GC Heap History (4 events):
Event: 0.655 GC heap before
{Heap before GC invocations=0 (full 0):
 garbage-first heap   total 258048K, used 20480K [0x0000000704800000, 0x0000000800000000)
  region size 2048K, 11 young (22528K), 0 survivors (0K)
 Metaspace       used 4285K, committed 4544K, reserved 1114112K
  class space    used 490K, committed 640K, reserved 1048576K
}
Event: 0.658 GC heap after
{Heap after GC invocations=1 (full 0):
 garbage-first heap   total 258048K, used 2818K [0x0000000704800000, 0x0000000800000000)
  region size 2048K, 2 young (4096K), 2 survivors (4096K)
 Metaspace       used 4285K, committed 4544K, reserved 1114112K
  class space    used 490K, committed 640K, reserved 1048576K
}
Event: 1.313 GC heap before
{Heap before GC invocations=1 (full 0):
 garbage-first heap   total 258048K, used 39682K [0x0000000704800000, 0x0000000800000000)
  region size 2048K, 21 young (43008K), 2 survivors (4096K)
 Metaspace       used 10571K, committed 10816K, reserved 1114112K
  class space    used 1488K, committed 1600K, reserved 1048576K
}
Event: 1.321 GC heap after
{Heap after GC invocations=2 (full 0):
 garbage-first heap   total 258048K, used 8708K [0x0000000704800000, 0x0000000800000000)
  region size 2048K, 3 young (6144K), 3 survivors (6144K)
 Metaspace       used 10571K, committed 10816K, reserved 1114112K
  class space    used 1488K, committed 1600K, reserved 1048576K
}

Dll operation events (20 events):
Event: 0.438 Loaded shared library C:\Users\acer\Desktop\openjfx-21.0.2_windows-x64_bin-sdk\javafx-sdk-21.0.2\bin\api-ms-win-crt-math-l1-1-0.dll
Event: 0.439 Loaded shared library C:\Users\acer\Desktop\openjfx-21.0.2_windows-x64_bin-sdk\javafx-sdk-21.0.2\bin\api-ms-win-crt-multibyte-l1-1-0.dll
Event: 0.441 Loaded shared library C:\Users\acer\Desktop\openjfx-21.0.2_windows-x64_bin-sdk\javafx-sdk-21.0.2\bin\api-ms-win-crt-private-l1-1-0.dll
Event: 0.442 Loaded shared library C:\Users\acer\Desktop\openjfx-21.0.2_windows-x64_bin-sdk\javafx-sdk-21.0.2\bin\api-ms-win-crt-process-l1-1-0.dll
Event: 0.444 Loaded shared library C:\Users\acer\Desktop\openjfx-21.0.2_windows-x64_bin-sdk\javafx-sdk-21.0.2\bin\api-ms-win-crt-runtime-l1-1-0.dll
Event: 0.445 Loaded shared library C:\Users\acer\Desktop\openjfx-21.0.2_windows-x64_bin-sdk\javafx-sdk-21.0.2\bin\api-ms-win-crt-stdio-l1-1-0.dll
Event: 0.447 Loaded shared library C:\Users\acer\Desktop\openjfx-21.0.2_windows-x64_bin-sdk\javafx-sdk-21.0.2\bin\api-ms-win-crt-string-l1-1-0.dll
Event: 0.449 Loaded shared library C:\Users\acer\Desktop\openjfx-21.0.2_windows-x64_bin-sdk\javafx-sdk-21.0.2\bin\api-ms-win-crt-time-l1-1-0.dll
Event: 0.451 Loaded shared library C:\Users\acer\Desktop\openjfx-21.0.2_windows-x64_bin-sdk\javafx-sdk-21.0.2\bin\api-ms-win-crt-utility-l1-1-0.dll
Event: 0.452 Loaded shared library C:\Users\acer\Desktop\openjfx-21.0.2_windows-x64_bin-sdk\javafx-sdk-21.0.2\bin\ucrtbase.dll
Event: 0.454 Loaded shared library C:\Users\acer\Desktop\openjfx-21.0.2_windows-x64_bin-sdk\javafx-sdk-21.0.2\bin\vcruntime140.dll
Event: 0.455 Loaded shared library C:\Users\acer\Desktop\openjfx-21.0.2_windows-x64_bin-sdk\javafx-sdk-21.0.2\bin\vcruntime140_1.dll
Event: 0.457 Loaded shared library C:\Users\acer\Desktop\openjfx-21.0.2_windows-x64_bin-sdk\javafx-sdk-21.0.2\bin\msvcp140.dll
Event: 0.459 Loaded shared library C:\Users\acer\Desktop\openjfx-21.0.2_windows-x64_bin-sdk\javafx-sdk-21.0.2\bin\msvcp140_1.dll
Event: 0.460 Loaded shared library C:\Users\acer\Desktop\openjfx-21.0.2_windows-x64_bin-sdk\javafx-sdk-21.0.2\bin\msvcp140_2.dll
Event: 0.491 Loaded shared library C:\Users\acer\Desktop\openjfx-21.0.2_windows-x64_bin-sdk\javafx-sdk-21.0.2\bin\prism_d3d.dll
Event: 0.561 Loaded shared library C:\Users\acer\Desktop\openjfx-21.0.2_windows-x64_bin-sdk\javafx-sdk-21.0.2\bin\glass.dll
Event: 0.663 Loaded shared library C:\Program Files\Java\jdk-21\bin\jimage.dll
Event: 0.671 Loaded shared library C:\Users\acer\Desktop\openjfx-21.0.2_windows-x64_bin-sdk\javafx-sdk-21.0.2\bin\javafx_font.dll
Event: 1.642 Loaded shared library C:\Program Files\Java\jdk-21\bin\jsound.dll

Deoptimization events (20 events):
Event: 3.592 Thread 0x0000028c09c8ccc0 Uncommon trap: trap_request=0xffffffde fr.pc=0x0000028bb1bdb750 relative=0x0000000000000850
Event: 3.592 Thread 0x0000028c09c8ccc0 Uncommon trap: reason=class_check action=maybe_recompile pc=0x0000028bb1bdb750 method=javafx.scene.Node.updateLocalToParentTransform()V @ 11 c2
Event: 3.593 Thread 0x0000028c09c8ccc0 DEOPT PACKING pc=0x0000028bb1bdb750 sp=0x000000c3c6afe160
Event: 3.593 Thread 0x0000028c09c8ccc0 DEOPT UNPACKING pc=0x0000028bb13546a2 sp=0x000000c3c6afe0f0 mode 2
Event: 3.593 Thread 0x0000028bc1a1b600 Uncommon trap: trap_request=0xffffff45 fr.pc=0x0000028bb1be7a14 relative=0x0000000000000574
Event: 3.593 Thread 0x0000028bc1a1b600 Uncommon trap: reason=unstable_if action=reinterpret pc=0x0000028bb1be7a14 method=com.sun.javafx.geom.transform.AffineBase.updateState2D()V @ 42 c2
Event: 3.594 Thread 0x0000028bc1a1b600 DEOPT PACKING pc=0x0000028bb1be7a14 sp=0x000000c3c68fe5d0
Event: 3.594 Thread 0x0000028bc1a1b600 DEOPT UNPACKING pc=0x0000028bb13546a2 sp=0x000000c3c68fe4b0 mode 2
Event: 3.607 Thread 0x0000028c09c8ccc0 Uncommon trap: trap_request=0xffffffde fr.pc=0x0000028bb1bdb750 relative=0x0000000000000850
Event: 3.607 Thread 0x0000028c09c8ccc0 Uncommon trap: reason=class_check action=maybe_recompile pc=0x0000028bb1bdb750 method=javafx.scene.Node.updateLocalToParentTransform()V @ 11 c2
Event: 3.608 Thread 0x0000028c09c8ccc0 DEOPT PACKING pc=0x0000028bb1bdb750 sp=0x000000c3c6afe160
Event: 3.608 Thread 0x0000028c09c8ccc0 DEOPT UNPACKING pc=0x0000028bb13546a2 sp=0x000000c3c6afe0f0 mode 2
Event: 3.616 Thread 0x0000028c09c8ccc0 Uncommon trap: trap_request=0xffffffde fr.pc=0x0000028bb1bdb750 relative=0x0000000000000850
Event: 3.617 Thread 0x0000028c09c8ccc0 Uncommon trap: reason=class_check action=maybe_recompile pc=0x0000028bb1bdb750 method=javafx.scene.Node.updateLocalToParentTransform()V @ 11 c2
Event: 3.617 Thread 0x0000028c09c8ccc0 DEOPT PACKING pc=0x0000028bb1bdb750 sp=0x000000c3c6afe160
Event: 3.617 Thread 0x0000028c09c8ccc0 DEOPT UNPACKING pc=0x0000028bb13546a2 sp=0x000000c3c6afe0f0 mode 2
Event: 3.622 Thread 0x0000028c09c8ccc0 Uncommon trap: trap_request=0xffffffde fr.pc=0x0000028bb1bdb750 relative=0x0000000000000850
Event: 3.622 Thread 0x0000028c09c8ccc0 Uncommon trap: reason=class_check action=maybe_recompile pc=0x0000028bb1bdb750 method=javafx.scene.Node.updateLocalToParentTransform()V @ 11 c2
Event: 3.622 Thread 0x0000028c09c8ccc0 DEOPT PACKING pc=0x0000028bb1bdb750 sp=0x000000c3c6afe160
Event: 3.622 Thread 0x0000028c09c8ccc0 DEOPT UNPACKING pc=0x0000028bb13546a2 sp=0x000000c3c6afe0f0 mode 2

Classes loaded (20 events):
Event: 2.176 Loading class java/util/EnumMap$ValueIterator
Event: 2.176 Loading class java/util/EnumMap$EnumMapIterator
Event: 2.176 Loading class java/util/EnumMap$EnumMapIterator done
Event: 2.176 Loading class java/util/EnumMap$ValueIterator done
Event: 2.632 Loading class java/io/UnsupportedEncodingException
Event: 2.632 Loading class java/io/UnsupportedEncodingException done
Event: 2.731 Loading class sun/invoke/util/VerifyAccess$1
Event: 2.731 Loading class sun/invoke/util/VerifyAccess$1 done
Event: 2.731 Loading class jdk/internal/event/ThreadSleepEvent
Event: 2.732 Loading class jdk/internal/event/ThreadSleepEvent done
Event: 3.236 Loading class java/lang/foreign/MemorySegment
Event: 3.237 Loading class java/lang/foreign/MemorySegment done
Event: 3.384 Loading class java/util/BitSet
Event: 3.384 Loading class java/util/BitSet done
Event: 3.517 Loading class java/lang/FdLibm$Acos
Event: 3.517 Loading class java/lang/FdLibm$Acos done
Event: 3.517 Loading class java/lang/FdLibm
Event: 3.517 Loading class java/lang/FdLibm done
Event: 3.525 Loading class java/lang/FdLibm$Atan2
Event: 3.525 Loading class java/lang/FdLibm$Atan2 done

Classes unloaded (0 events):
No events

Classes redefined (0 events):
No events

Internal exceptions (20 events):
Event: 1.356 Thread 0x0000028c09c8ccc0 Exception <a 'java/io/FileNotFoundException'{0x00000007141a8e08}> (0x00000007141a8e08) 
thrown [s\open\src\hotspot\share\prims\jni.cpp, line 520]
Event: 1.360 Thread 0x0000028c09c8ccc0 Implicit null exception at 0x0000028bb1acd1bd to 0x0000028bb1acd410
Event: 1.362 Thread 0x0000028c09c8ccc0 Implicit null exception at 0x0000028bb1aca2bd to 0x0000028bb1aca504
Event: 1.362 Thread 0x0000028c09c8ccc0 Implicit null exception at 0x0000028bb1a6df3d to 0x0000028bb1a6dfc1
Event: 1.573 Thread 0x0000028c09c8ccc0 Implicit null exception at 0x0000028bb1af93f7 to 0x0000028bb1af9464
Event: 1.766 Thread 0x0000028c09c8ccc0 Exception <a 'java/lang/NoSuchMethodError'{0x0000000712f53fd8}: 'java.lang.Object java.lang.invoke.DirectMethodHandle$Holder.invokeInterface(java.lang.Object, java.lang.Object, java.lang.Object)'> (0x0000000712f53fd8) 
thrown [s\open\src\hotspot\share\interpreter\linkResolver.cpp, line 773]
Event: 1.766 Thread 0x0000028c09c8ccc0 Exception <a 'java/lang/IncompatibleClassChangeError'{0x0000000712f57680}: Found class java.lang.Object, but interface was expected> (0x0000000712f57680) 
thrown [s\open\src\hotspot\share\interpreter\linkResolver.cpp, line 840]
Event: 1.790 Thread 0x0000028c09c8ccc0 Exception <a 'java/lang/NoSuchMethodError'{0x0000000712c94fa0}: 'int java.lang.invoke.DirectMethodHandle$Holder.invokeSpecial(java.lang.Object, java.lang.Object, int)'> (0x0000000712c94fa0) 
thrown [s\open\src\hotspot\share\interpreter\linkResolver.cpp, line 773]
Event: 1.791 Thread 0x0000028c09c8ccc0 Exception <a 'java/lang/NoSuchMethodError'{0x0000000712c9c340}: 'int java.lang.invoke.DirectMethodHandle$Holder.invokeSpecial(java.lang.Object, java.lang.Object, java.lang.Object, int)'> (0x0000000712c9c340) 
thrown [s\open\src\hotspot\share\interpreter\linkResolver.cpp, line 773]
Event: 1.792 Thread 0x0000028c09c8ccc0 Exception <a 'java/lang/NoSuchMethodError'{0x0000000712cae4f0}: 'java.lang.Object java.lang.invoke.DirectMethodHandle$Holder.invokeStatic(java.lang.Object, java.lang.Object, java.lang.Object, java.lang.Object, int)'> (0x0000000712cae4f0) 
thrown [s\open\src\hotspot\share\interpreter\linkResolver.cpp, line 773]
Event: 1.792 Thread 0x0000028c09c8ccc0 Exception <a 'java/lang/NoSuchMethodError'{0x0000000712cb68e8}: 'int java.lang.invoke.DirectMethodHandle$Holder.invokeSpecial(java.lang.Object, java.lang.Object, java.lang.Object)'> (0x0000000712cb68e8) 
thrown [s\open\src\hotspot\share\interpreter\linkResolver.cpp, line 773]
Event: 1.803 Thread 0x0000028c09c8ccc0 Exception <a 'java/lang/NoSuchMethodError'{0x0000000712d14690}: 'java.lang.Object java.lang.invoke.DirectMethodHandle$Holder.newInvokeSpecial(java.lang.Object, java.lang.Object, int)'> (0x0000000712d14690) 
thrown [s\open\src\hotspot\share\interpreter\linkResolver.cpp, line 773]
Event: 1.827 Thread 0x0000028c09c8ccc0 Exception <a 'java/lang/NoSuchMethodError'{0x0000000712d3b3c0}: 'long java.lang.invoke.DirectMethodHandle$Holder.invokeStatic(java.lang.Object, java.lang.Object, java.lang.Object)'> (0x0000000712d3b3c0) 
thrown [s\open\src\hotspot\share\interpreter\linkResolver.cpp, line 773]
Event: 1.827 Thread 0x0000028c09c8ccc0 Exception <a 'java/lang/NoSuchMethodError'{0x0000000712d3e790}: 'long java.lang.invoke.DirectMethodHandle$Holder.invokeStaticInit(java.lang.Object, java.lang.Object, java.lang.Object)'> (0x0000000712d3e790) 
thrown [s\open\src\hotspot\share\interpreter\linkResolver.cpp, line 773]
Event: 1.829 Thread 0x0000028c09c8ccc0 Exception <a 'java/lang/NoSuchMethodError'{0x0000000712d52e80}: 'java.lang.Object java.lang.invoke.DirectMethodHandle$Holder.newInvokeSpecial(java.lang.Object, java.lang.Object, long)'> (0x0000000712d52e80) 
thrown [s\open\src\hotspot\share\interpreter\linkResolver.cpp, line 773]
Event: 1.829 Thread 0x0000028c09c8ccc0 Exception <a 'java/lang/NoSuchMethodError'{0x0000000712d56778}: 'java.lang.Object java.lang.invoke.Invokers$Holder.linkToTargetMethod(java.lang.Object, long, java.lang.Object)'> (0x0000000712d56778) 
thrown [s\open\src\hotspot\share\interpreter\linkResolver.cpp, line 773]
Event: 1.841 Thread 0x0000028bc1a1b600 Exception <a 'java/lang/NoSuchMethodError'{0x0000000712aa3ee0}: 'int java.lang.invoke.DirectMethodHandle$Holder.invokeStaticInit(java.lang.Object, java.lang.Object)'> (0x0000000712aa3ee0) 
thrown [s\open\src\hotspot\share\interpreter\linkResolver.cpp, line 773]
Event: 3.314 Thread 0x0000028c09c8ccc0 Exception <a 'java/lang/ClassNotFoundException'{0x0000000710169538}: com/sun/javafx/scene/control/skin/resources/controls> (0x0000000710169538) 
thrown [s\open\src\hotspot\share\prims\jni.cpp, line 539]
Event: 3.316 Thread 0x0000028c09c8ccc0 Exception <a 'java/lang/ClassNotFoundException'{0x0000000710177c60}: com/sun/javafx/scene/control/skin/resources/controls_en> (0x0000000710177c60) 
thrown [s\open\src\hotspot\share\prims\jni.cpp, line 539]
Event: 3.316 Thread 0x0000028c09c8ccc0 Exception <a 'java/lang/ClassNotFoundException'{0x0000000710179618}: com/sun/javafx/scene/control/skin/resources/controls_en_US> (0x0000000710179618) 
thrown [s\open\src\hotspot\share\prims\jni.cpp, line 539]

ZGC Phase Switch (0 events):
No events

VM Operations (20 events):
Event: 1.781 Executing VM operation: ICBufferFull
Event: 1.781 Executing VM operation: ICBufferFull done
Event: 1.844 Executing VM operation: HandshakeAllThreads (Deoptimize)
Event: 1.844 Executing VM operation: HandshakeAllThreads (Deoptimize) done
Event: 1.910 Executing VM operation: HandshakeAllThreads (Deoptimize)
Event: 1.910 Executing VM operation: HandshakeAllThreads (Deoptimize) done
Event: 2.651 Executing VM operation: ICBufferFull
Event: 2.651 Executing VM operation: ICBufferFull done
Event: 3.221 Executing VM operation: ICBufferFull
Event: 3.221 Executing VM operation: ICBufferFull done
Event: 3.259 Executing VM operation: HandshakeAllThreads (Deoptimize)
Event: 3.259 Executing VM operation: HandshakeAllThreads (Deoptimize) done
Event: 3.337 Executing VM operation: HandshakeAllThreads (Deoptimize)
Event: 3.337 Executing VM operation: HandshakeAllThreads (Deoptimize) done
Event: 3.375 Executing VM operation: ICBufferFull
Event: 3.375 Executing VM operation: ICBufferFull done
Event: 3.522 Executing VM operation: HandshakeAllThreads (Deoptimize)
Event: 3.522 Executing VM operation: HandshakeAllThreads (Deoptimize) done
Event: 3.586 Executing VM operation: ICBufferFull
Event: 3.586 Executing VM operation: ICBufferFull done

Events (20 events):
Event: 1.586 Thread 0x0000028bc193f830 Thread exited: 0x0000028bc193f830
Event: 1.697 Thread 0x0000028c0a212260 Thread added: 0x0000028c0a212260
Event: 1.709 Thread 0x0000028c0a2128f0 Thread added: 0x0000028c0a2128f0
Event: 1.710 Thread 0x0000028c0a211540 Thread added: 0x0000028c0a211540
Event: 1.710 Thread 0x0000028c0a211540 Thread exited: 0x0000028c0a211540
Event: 1.916 Thread 0x0000028c0a778280 Thread added: 0x0000028c0a778280
Event: 1.996 Thread 0x0000028bc194d040 Thread exited: 0x0000028bc194d040
Event: 2.121 Thread 0x0000028bc194c990 Thread exited: 0x0000028bc194c990
Event: 2.425 Thread 0x0000028bc185bf20 Thread exited: 0x0000028bc185bf20
Event: 2.730 Thread 0x0000028c0a776ed0 Thread added: 0x0000028c0a776ed0
Event: 2.731 Thread 0x0000028c0a773a50 Thread added: 0x0000028c0a773a50
Event: 2.783 Thread 0x0000028c0a7740e0 Thread added: 0x0000028c0a7740e0
Event: 2.783 Thread 0x0000028c0a778910 Thread added: 0x0000028c0a778910
Event: 2.783 Thread 0x0000028c0a778910 Thread exited: 0x0000028c0a778910
Event: 2.807 Thread 0x0000028c076471f0 Thread added: 0x0000028c076471f0
Event: 3.084 Thread 0x0000028c16a39db0 Thread added: 0x0000028c16a39db0
Event: 3.247 Thread 0x0000028c16a38720 Thread added: 0x0000028c16a38720
Event: 3.380 Thread 0x0000028c16ddeb20 Thread added: 0x0000028c16ddeb20
Event: 3.383 Thread 0x0000028c16a30100 Thread added: 0x0000028c16a30100
Event: 3.616 Thread 0x0000028c16e468c0 Thread added: 0x0000028c16e468c0


Dynamic libraries:
0x00007ff79b0e0000 - 0x00007ff79b0f0000 	C:\Program Files\Java\jdk-21\bin\java.exe
0x00007ffce3250000 - 0x00007ffce3466000 	C:\WINDOWS\SYSTEM32\ntdll.dll
0x00007ffce11c0000 - 0x00007ffce1284000 	C:\WINDOWS\System32\KERNEL32.DLL
0x00007ffce0730000 - 0x00007ffce0ad7000 	C:\WINDOWS\System32\KERNELBASE.dll
0x00007ffce0610000 - 0x00007ffce0721000 	C:\WINDOWS\System32\ucrtbase.dll
0x00007ffcc8710000 - 0x00007ffcc872b000 	C:\Program Files\Java\jdk-21\bin\VCRUNTIME140.dll
0x00007ffcc9ac0000 - 0x00007ffcc9ad9000 	C:\Program Files\Java\jdk-21\bin\jli.dll
0x00007ffce2fc0000 - 0x00007ffce3072000 	C:\WINDOWS\System32\ADVAPI32.dll
0x00007ffce1650000 - 0x00007ffce16f7000 	C:\WINDOWS\System32\msvcrt.dll
0x00007ffce0f90000 - 0x00007ffce1038000 	C:\WINDOWS\System32\sechost.dll
0x00007ffce0de0000 - 0x00007ffce0e08000 	C:\WINDOWS\System32\bcrypt.dll
0x00007ffce2300000 - 0x00007ffce2415000 	C:\WINDOWS\System32\RPCRT4.dll
0x00007ffce12f0000 - 0x00007ffce149e000 	C:\WINDOWS\System32\USER32.dll
0x00007ffce0db0000 - 0x00007ffce0dd6000 	C:\WINDOWS\System32\win32u.dll
0x00007ffce3080000 - 0x00007ffce30a9000 	C:\WINDOWS\System32\GDI32.dll
0x00007ffce0c90000 - 0x00007ffce0da9000 	C:\WINDOWS\System32\gdi32full.dll
0x00007ffce0570000 - 0x00007ffce060a000 	C:\WINDOWS\System32\msvcp_win.dll
0x00007ffcc4d50000 - 0x00007ffcc4fe3000 	C:\WINDOWS\WinSxS\amd64_microsoft.windows.common-controls_6595b64144ccf1df_6.0.22621.3235_none_270f74e173860f98\COMCTL32.dll
0x00007ffcd6fe0000 - 0x00007ffcd6fea000 	C:\WINDOWS\SYSTEM32\VERSION.dll
0x00007ffce30b0000 - 0x00007ffce30e1000 	C:\WINDOWS\System32\IMM32.DLL
0x00007ffcca1d0000 - 0x00007ffcca1dc000 	C:\Program Files\Java\jdk-21\bin\vcruntime140_1.dll
0x00007ffc99a20000 - 0x00007ffc99aae000 	C:\Program Files\Java\jdk-21\bin\msvcp140.dll
0x00007ffc5b820000 - 0x00007ffc5c535000 	C:\Program Files\Java\jdk-21\bin\server\jvm.dll
0x00007ffce2280000 - 0x00007ffce22f1000 	C:\WINDOWS\System32\WS2_32.dll
0x00007ffcdf3e0000 - 0x00007ffcdf42d000 	C:\WINDOWS\SYSTEM32\POWRPROF.dll
0x00007ffcd8290000 - 0x00007ffcd82c4000 	C:\WINDOWS\SYSTEM32\WINMM.dll
0x00007ffcdf3c0000 - 0x00007ffcdf3d3000 	C:\WINDOWS\SYSTEM32\UMPDC.dll
0x00007ffcdf670000 - 0x00007ffcdf688000 	C:\WINDOWS\SYSTEM32\kernel.appcore.dll
0x00007ffcca140000 - 0x00007ffcca14a000 	C:\Program Files\Java\jdk-21\bin\jimage.dll
0x00007ffcdd6f0000 - 0x00007ffcdd923000 	C:\WINDOWS\SYSTEM32\DBGHELP.DLL
0x00007ffce2b20000 - 0x00007ffce2ea8000 	C:\WINDOWS\System32\combase.dll
0x00007ffce2ed0000 - 0x00007ffce2fa7000 	C:\WINDOWS\System32\OLEAUT32.dll
0x00007ffcce590000 - 0x00007ffcce5c2000 	C:\WINDOWS\SYSTEM32\dbgcore.DLL
0x00007ffce0ba0000 - 0x00007ffce0c19000 	C:\WINDOWS\System32\bcryptPrimitives.dll
0x00007ffcc9af0000 - 0x00007ffcc9aff000 	C:\Program Files\Java\jdk-21\bin\instrument.dll
0x00007ffcc3ea0000 - 0x00007ffcc3ebf000 	C:\Program Files\Java\jdk-21\bin\java.dll
0x00007ffce1700000 - 0x00007ffce1f5c000 	C:\WINDOWS\System32\SHELL32.dll
0x00007ffcde490000 - 0x00007ffcded89000 	C:\WINDOWS\SYSTEM32\windows.storage.dll
0x00007ffcde350000 - 0x00007ffcde48e000 	C:\WINDOWS\SYSTEM32\wintypes.dll
0x00007ffce10c0000 - 0x00007ffce11b3000 	C:\WINDOWS\System32\SHCORE.dll
0x00007ffce3180000 - 0x00007ffce31de000 	C:\WINDOWS\System32\shlwapi.dll
0x00007ffce04a0000 - 0x00007ffce04c1000 	C:\WINDOWS\SYSTEM32\profapi.dll
0x00007ffc99940000 - 0x00007ffc99a17000 	C:\Program Files\Java\jdk-21\bin\jsvml.dll
0x00007ffcc98c0000 - 0x00007ffcc98d0000 	C:\Program Files\Java\jdk-21\bin\net.dll
0x00007ffcda050000 - 0x00007ffcda186000 	C:\WINDOWS\SYSTEM32\WINHTTP.dll
0x00007ffcdfb10000 - 0x00007ffcdfb79000 	C:\WINDOWS\system32\mswsock.dll
0x00007ffcb0fa0000 - 0x00007ffcb0fb6000 	C:\Program Files\Java\jdk-21\bin\nio.dll
0x00007ffc9c880000 - 0x00007ffc9c898000 	C:\Program Files\Java\jdk-21\bin\zip.dll
0x00007ffc9c6c0000 - 0x00007ffc9c6da000 	C:\Program Files\JetBrains\IntelliJ IDEA Community Edition 2023.3.2\bin\breakgen64.dll
0x00007ffcc8310000 - 0x00007ffcc8317000 	C:\Program Files\Java\jdk-21\bin\extnet.dll
0x0000028b9fa40000 - 0x0000028b9fa43000 	C:\Users\acer\Desktop\openjfx-21.0.2_windows-x64_bin-sdk\javafx-sdk-21.0.2\bin\api-ms-win-core-console-l1-1-0.dll
0x0000028b9fa50000 - 0x0000028b9fa53000 	C:\Users\acer\Desktop\openjfx-21.0.2_windows-x64_bin-sdk\javafx-sdk-21.0.2\bin\api-ms-win-core-console-l1-2-0.dll
0x0000028b9fa60000 - 0x0000028b9fa63000 	C:\Users\acer\Desktop\openjfx-21.0.2_windows-x64_bin-sdk\javafx-sdk-21.0.2\bin\api-ms-win-core-datetime-l1-1-0.dll
0x0000028bc1ba0000 - 0x0000028bc1ba3000 	C:\Users\acer\Desktop\openjfx-21.0.2_windows-x64_bin-sdk\javafx-sdk-21.0.2\bin\api-ms-win-core-debug-l1-1-0.dll
0x0000028bc1bb0000 - 0x0000028bc1bb3000 	C:\Users\acer\Desktop\openjfx-21.0.2_windows-x64_bin-sdk\javafx-sdk-21.0.2\bin\api-ms-win-core-errorhandling-l1-1-0.dll
0x0000028bc1bc0000 - 0x0000028bc1bc4000 	C:\Users\acer\Desktop\openjfx-21.0.2_windows-x64_bin-sdk\javafx-sdk-21.0.2\bin\api-ms-win-core-file-l1-1-0.dll
0x0000028bc1bd0000 - 0x0000028bc1bd3000 	C:\Users\acer\Desktop\openjfx-21.0.2_windows-x64_bin-sdk\javafx-sdk-21.0.2\bin\api-ms-win-core-file-l1-2-0.dll
0x0000028bc1be0000 - 0x0000028bc1be3000 	C:\Users\acer\Desktop\openjfx-21.0.2_windows-x64_bin-sdk\javafx-sdk-21.0.2\bin\api-ms-win-core-file-l2-1-0.dll
0x0000028bc1bf0000 - 0x0000028bc1bf3000 	C:\Users\acer\Desktop\openjfx-21.0.2_windows-x64_bin-sdk\javafx-sdk-21.0.2\bin\api-ms-win-core-handle-l1-1-0.dll
0x0000028bc1c00000 - 0x0000028bc1c03000 	C:\Users\acer\Desktop\openjfx-21.0.2_windows-x64_bin-sdk\javafx-sdk-21.0.2\bin\api-ms-win-core-heap-l1-1-0.dll
0x0000028bc1c10000 - 0x0000028bc1c13000 	C:\Users\acer\Desktop\openjfx-21.0.2_windows-x64_bin-sdk\javafx-sdk-21.0.2\bin\api-ms-win-core-interlocked-l1-1-0.dll
0x0000028bc1c20000 - 0x0000028bc1c23000 	C:\Users\acer\Desktop\openjfx-21.0.2_windows-x64_bin-sdk\javafx-sdk-21.0.2\bin\api-ms-win-core-libraryloader-l1-1-0.dll
0x0000028bc1c30000 - 0x0000028bc1c33000 	C:\Users\acer\Desktop\openjfx-21.0.2_windows-x64_bin-sdk\javafx-sdk-21.0.2\bin\api-ms-win-core-localization-l1-2-0.dll
0x0000028bc1c40000 - 0x0000028bc1c43000 	C:\Users\acer\Desktop\openjfx-21.0.2_windows-x64_bin-sdk\javafx-sdk-21.0.2\bin\api-ms-win-core-memory-l1-1-0.dll
0x0000028bc1c50000 - 0x0000028bc1c53000 	C:\Users\acer\Desktop\openjfx-21.0.2_windows-x64_bin-sdk\javafx-sdk-21.0.2\bin\api-ms-win-core-namedpipe-l1-1-0.dll
0x0000028bc1c60000 - 0x0000028bc1c63000 	C:\Users\acer\Desktop\openjfx-21.0.2_windows-x64_bin-sdk\javafx-sdk-21.0.2\bin\api-ms-win-core-processenvironment-l1-1-0.dll
0x0000028bc1c70000 - 0x0000028bc1c73000 	C:\Users\acer\Desktop\openjfx-21.0.2_windows-x64_bin-sdk\javafx-sdk-21.0.2\bin\api-ms-win-core-processthreads-l1-1-0.dll
0x0000028bc1c80000 - 0x0000028bc1c83000 	C:\Users\acer\Desktop\openjfx-21.0.2_windows-x64_bin-sdk\javafx-sdk-21.0.2\bin\api-ms-win-core-processthreads-l1-1-1.dll
0x0000028bc1c90000 - 0x0000028bc1c93000 	C:\Users\acer\Desktop\openjfx-21.0.2_windows-x64_bin-sdk\javafx-sdk-21.0.2\bin\api-ms-win-core-profile-l1-1-0.dll
0x0000028bc1ca0000 - 0x0000028bc1ca3000 	C:\Users\acer\Desktop\openjfx-21.0.2_windows-x64_bin-sdk\javafx-sdk-21.0.2\bin\api-ms-win-core-rtlsupport-l1-1-0.dll
0x0000028bc1cb0000 - 0x0000028bc1cb3000 	C:\Users\acer\Desktop\openjfx-21.0.2_windows-x64_bin-sdk\javafx-sdk-21.0.2\bin\api-ms-win-core-string-l1-1-0.dll
0x0000028bc1cc0000 - 0x0000028bc1cc3000 	C:\Users\acer\Desktop\openjfx-21.0.2_windows-x64_bin-sdk\javafx-sdk-21.0.2\bin\api-ms-win-core-synch-l1-1-0.dll
0x0000028bc1cd0000 - 0x0000028bc1cd3000 	C:\Users\acer\Desktop\openjfx-21.0.2_windows-x64_bin-sdk\javafx-sdk-21.0.2\bin\api-ms-win-core-synch-l1-2-0.dll
0x0000028bc1ce0000 - 0x0000028bc1ce3000 	C:\Users\acer\Desktop\openjfx-21.0.2_windows-x64_bin-sdk\javafx-sdk-21.0.2\bin\api-ms-win-core-sysinfo-l1-1-0.dll
0x0000028bc1cf0000 - 0x0000028bc1cf3000 	C:\Users\acer\Desktop\openjfx-21.0.2_windows-x64_bin-sdk\javafx-sdk-21.0.2\bin\api-ms-win-core-timezone-l1-1-0.dll
0x0000028bc1d00000 - 0x0000028bc1d03000 	C:\Users\acer\Desktop\openjfx-21.0.2_windows-x64_bin-sdk\javafx-sdk-21.0.2\bin\api-ms-win-core-util-l1-1-0.dll
0x0000028bc1d10000 - 0x0000028bc1d13000 	C:\Users\acer\Desktop\openjfx-21.0.2_windows-x64_bin-sdk\javafx-sdk-21.0.2\bin\api-ms-win-crt-conio-l1-1-0.dll
0x0000028bc1d20000 - 0x0000028bc1d24000 	C:\Users\acer\Desktop\openjfx-21.0.2_windows-x64_bin-sdk\javafx-sdk-21.0.2\bin\api-ms-win-crt-convert-l1-1-0.dll
0x0000028bc1d30000 - 0x0000028bc1d33000 	C:\Users\acer\Desktop\openjfx-21.0.2_windows-x64_bin-sdk\javafx-sdk-21.0.2\bin\api-ms-win-crt-environment-l1-1-0.dll
0x0000028bc1d40000 - 0x0000028bc1d43000 	C:\Users\acer\Desktop\openjfx-21.0.2_windows-x64_bin-sdk\javafx-sdk-21.0.2\bin\api-ms-win-crt-filesystem-l1-1-0.dll
0x0000028bc1d50000 - 0x0000028bc1d53000 	C:\Users\acer\Desktop\openjfx-21.0.2_windows-x64_bin-sdk\javafx-sdk-21.0.2\bin\api-ms-win-crt-heap-l1-1-0.dll
0x0000028bc1d60000 - 0x0000028bc1d63000 	C:\Users\acer\Desktop\openjfx-21.0.2_windows-x64_bin-sdk\javafx-sdk-21.0.2\bin\api-ms-win-crt-locale-l1-1-0.dll
0x0000028bc1d70000 - 0x0000028bc1d75000 	C:\Users\acer\Desktop\openjfx-21.0.2_windows-x64_bin-sdk\javafx-sdk-21.0.2\bin\api-ms-win-crt-math-l1-1-0.dll
0x0000028bc1d80000 - 0x0000028bc1d85000 	C:\Users\acer\Desktop\openjfx-21.0.2_windows-x64_bin-sdk\javafx-sdk-21.0.2\bin\api-ms-win-crt-multibyte-l1-1-0.dll
0x0000028bc1d90000 - 0x0000028bc1da0000 	C:\Users\acer\Desktop\openjfx-21.0.2_windows-x64_bin-sdk\javafx-sdk-21.0.2\bin\api-ms-win-crt-private-l1-1-0.dll
0x0000028bc1da0000 - 0x0000028bc1da3000 	C:\Users\acer\Desktop\openjfx-21.0.2_windows-x64_bin-sdk\javafx-sdk-21.0.2\bin\api-ms-win-crt-process-l1-1-0.dll
0x0000028bc1db0000 - 0x0000028bc1db4000 	C:\Users\acer\Desktop\openjfx-21.0.2_windows-x64_bin-sdk\javafx-sdk-21.0.2\bin\api-ms-win-crt-runtime-l1-1-0.dll
0x0000028bc1dc0000 - 0x0000028bc1dc4000 	C:\Users\acer\Desktop\openjfx-21.0.2_windows-x64_bin-sdk\javafx-sdk-21.0.2\bin\api-ms-win-crt-stdio-l1-1-0.dll
0x0000028bc1dd0000 - 0x0000028bc1dd4000 	C:\Users\acer\Desktop\openjfx-21.0.2_windows-x64_bin-sdk\javafx-sdk-21.0.2\bin\api-ms-win-crt-string-l1-1-0.dll
0x0000028bc1de0000 - 0x0000028bc1de3000 	C:\Users\acer\Desktop\openjfx-21.0.2_windows-x64_bin-sdk\javafx-sdk-21.0.2\bin\api-ms-win-crt-time-l1-1-0.dll
0x0000028bc1df0000 - 0x0000028bc1df3000 	C:\Users\acer\Desktop\openjfx-21.0.2_windows-x64_bin-sdk\javafx-sdk-21.0.2\bin\api-ms-win-crt-utility-l1-1-0.dll
0x00007ffc99840000 - 0x00007ffc9993c000 	C:\Users\acer\Desktop\openjfx-21.0.2_windows-x64_bin-sdk\javafx-sdk-21.0.2\bin\ucrtbase.dll
0x00007ffc9c6a0000 - 0x00007ffc9c6bb000 	C:\Users\acer\Desktop\openjfx-21.0.2_windows-x64_bin-sdk\javafx-sdk-21.0.2\bin\vcruntime140.dll
0x00007ffcc3ee0000 - 0x00007ffcc3eec000 	C:\Users\acer\Desktop\openjfx-21.0.2_windows-x64_bin-sdk\javafx-sdk-21.0.2\bin\vcruntime140_1.dll
0x00007ffc8b560000 - 0x00007ffc8b5ee000 	C:\Users\acer\Desktop\openjfx-21.0.2_windows-x64_bin-sdk\javafx-sdk-21.0.2\bin\msvcp140.dll
0x00007ffcc0fc0000 - 0x00007ffcc0fc9000 	C:\Users\acer\Desktop\openjfx-21.0.2_windows-x64_bin-sdk\javafx-sdk-21.0.2\bin\msvcp140_1.dll
0x00007ffc8b510000 - 0x00007ffc8b551000 	C:\Users\acer\Desktop\openjfx-21.0.2_windows-x64_bin-sdk\javafx-sdk-21.0.2\bin\msvcp140_2.dll
0x00007ffc95990000 - 0x00007ffc959c0000 	C:\Users\acer\Desktop\openjfx-21.0.2_windows-x64_bin-sdk\javafx-sdk-21.0.2\bin\prism_d3d.dll
0x00007ffc65f40000 - 0x00007ffc660e9000 	C:\WINDOWS\system32\d3d9.dll
0x00007ffcddcd0000 - 0x00007ffcddcfb000 	C:\WINDOWS\SYSTEM32\dwmapi.dll
0x00007ffcddb50000 - 0x00007ffcddb89000 	C:\WINDOWS\SYSTEM32\dxcore.dll
0x00007ffcdd9b0000 - 0x00007ffcdda5b000 	C:\WINDOWS\system32\uxtheme.dll
0x00007ffca87e0000 - 0x00007ffca8890000 	C:\WINDOWS\SYSTEM32\d3d9on12.dll
0x00007ffcddb90000 - 0x00007ffcddc88000 	C:\WINDOWS\SYSTEM32\dxgi.dll
0x00007ffcc20b0000 - 0x00007ffcc20d6000 	C:\WINDOWS\SYSTEM32\d3d12.dll
0x00007ffce0230000 - 0x00007ffce027e000 	C:\WINDOWS\SYSTEM32\cfgmgr32.dll
0x00007ffc98450000 - 0x00007ffc98653000 	C:\WINDOWS\SYSTEM32\D3D12Core.dll
0x00007ffc97a80000 - 0x00007ffc98449000 	C:\Windows\System32\DriverStore\FileRepository\iigd_dch.inf_amd64_a9b506373dea7676\igd12umd64.dll
0x00007ffce0e10000 - 0x00007ffce0f77000 	C:\WINDOWS\System32\CRYPT32.dll
0x00007ffc8a2a0000 - 0x00007ffc8acc8000 	C:\Windows\System32\DriverStore\FileRepository\iigd_dch.inf_amd64_a9b506373dea7676\igd12um64xel.dll
0x00007ffcd6cc0000 - 0x00007ffcd6cf4000 	C:\WINDOWS\SYSTEM32\ControlLib.dll
0x00007ffce24e0000 - 0x00007ffce2954000 	C:\WINDOWS\System32\SETUPAPI.dll
0x00007ffce0280000 - 0x00007ffce02ac000 	C:\WINDOWS\SYSTEM32\DEVOBJ.dll
0x00007ffcce5d0000 - 0x00007ffcce62d000 	C:\Windows\System32\DriverStore\FileRepository\iigd_dch.inf_amd64_a9b506373dea7676\IntelControlLib.dll
0x00007ffce0c20000 - 0x00007ffce0c8b000 	C:\WINDOWS\System32\WINTRUST.dll
0x00007ffce0210000 - 0x00007ffce0222000 	C:\WINDOWS\SYSTEM32\MSASN1.dll
0x00007ffcdadc0000 - 0x00007ffcdae0a000 	C:\WINDOWS\SYSTEM32\directxdatabasehelper.dll
0x00007ffcd1d90000 - 0x00007ffcd2157000 	C:\Windows\System32\DriverStore\FileRepository\iigd_dch.inf_amd64_a9b506373dea7676\igdgmm64.dll
0x00007ffcce770000 - 0x00007ffcd1d81000 	C:\Windows\System32\DriverStore\FileRepository\iigd_dch.inf_amd64_a9b506373dea7676\igc64.dll
0x00007ffce14a0000 - 0x00007ffce1645000 	C:\WINDOWS\System32\ole32.dll
0x00007ffcbffa0000 - 0x00007ffcbffcf000 	C:\WINDOWS\SYSTEM32\D3DSCache.dll
0x00007ffcdfc10000 - 0x00007ffcdfc38000 	C:\WINDOWS\SYSTEM32\USERENV.dll
0x00007ffc7d710000 - 0x00007ffc83130000 	C:\Windows\System32\DriverStore\FileRepository\iigd_dch.inf_amd64_a9b506373dea7676\igd12dxva64.dll
0x00007ffcb1d80000 - 0x00007ffcb1da7000 	C:\Windows\System32\DriverStore\FileRepository\iigd_dch.inf_amd64_a9b506373dea7676\igdinfo64.dll
0x00007ffcd79b0000 - 0x00007ffcd7c3e000 	C:\WINDOWS\SYSTEM32\twinapi.appcore.dll
0x00007ffc8a1d0000 - 0x00007ffc8a212000 	C:\Users\acer\Desktop\openjfx-21.0.2_windows-x64_bin-sdk\javafx-sdk-21.0.2\bin\glass.dll
0x00007ffce1f60000 - 0x00007ffce2059000 	C:\WINDOWS\System32\COMDLG32.dll
0x00007ffce2060000 - 0x00007ffce21b3000 	C:\WINDOWS\System32\MSCTF.dll

dbghelp: loaded successfully - version: 4.0.5 - missing functions: none
symbol engine: initialized successfully - sym options: 0x614 - pdb path: .;C:\Program Files\Java\jdk-21\bin;C:\WINDOWS\SYSTEM32;C:\WINDOWS\WinSxS\amd64_microsoft.windows.common-controls_6595b64144ccf1df_6.0.22621.3235_none_270f74e173860f98;C:\Program Files\Java\jdk-21\bin\server;C:\Program Files\JetBrains\IntelliJ IDEA Community Edition 2023.3.2\bin;C:\Users\acer\Desktop\openjfx-21.0.2_windows-x64_bin-sdk\javafx-sdk-21.0.2\bin;C:\Windows\System32\DriverStore\FileRepository\iigd_dch.inf_amd64_a9b506373dea7676;C:\Program Files\Common Files\Microsoft Shared\Ink

VM Arguments:
jvm_args: --module-path=C:\Users\acer\Desktop\openjfx-21.0.2_windows-x64_bin-sdk\javafx-sdk-21.0.2\lib --add-modules=javafx.controls,javafx.fxml,javafx.graphics,javafx.media -javaagent:C:\Program Files\JetBrains\IntelliJ IDEA Community Edition 2023.3.2\lib\idea_rt.jar=49363:C:\Program Files\JetBrains\IntelliJ IDEA Community Edition 2023.3.2\bin -Dfile.encoding=UTF-8 -Dsun.stdout.encoding=UTF-8 -Dsun.stderr.encoding=UTF-8 
java_command: game.Main
java_class_path (initial): C:\Users\acer\Desktop\project-cedt-2023-2-ttb\out\production\project-cedt-2023-2-ttb;C:\Users\acer\.m2\repository\com\google\code\gson\gson\2.10.1\gson-2.10.1.jar;C:\Users\acer\Desktop\openjfx-21.0.2_windows-x64_bin-sdk\javafx-sdk-21.0.2\lib\javafx-swt.jar;C:\Users\acer\Desktop\openjfx-21.0.2_windows-x64_bin-sdk\javafx-sdk-21.0.2\lib\javafx.base.jar;C:\Users\acer\Desktop\openjfx-21.0.2_windows-x64_bin-sdk\javafx-sdk-21.0.2\lib\javafx.controls.jar;C:\Users\acer\Desktop\openjfx-21.0.2_windows-x64_bin-sdk\javafx-sdk-21.0.2\lib\javafx.fxml.jar;C:\Users\acer\Desktop\openjfx-21.0.2_windows-x64_bin-sdk\javafx-sdk-21.0.2\lib\javafx.graphics.jar;C:\Users\acer\Desktop\openjfx-21.0.2_windows-x64_bin-sdk\javafx-sdk-21.0.2\lib\javafx.media.jar;C:\Users\acer\Desktop\openjfx-21.0.2_windows-x64_bin-sdk\javafx-sdk-21.0.2\lib\javafx.swing.jar;C:\Users\acer\Desktop\openjfx-21.0.2_windows-x64_bin-sdk\javafx-sdk-21.0.2\lib\javafx.web.jar
Launcher Type: SUN_STANDARD

[Global flags]
     intx CICompilerCount                          = 12                                        {product} {ergonomic}
     uint ConcGCThreads                            = 3                                         {product} {ergonomic}
     uint G1ConcRefinementThreads                  = 13                                        {product} {ergonomic}
   size_t G1HeapRegionSize                         = 2097152                                   {product} {ergonomic}
    uintx GCDrainStackTargetSize                   = 64                                        {product} {ergonomic}
   size_t InitialHeapSize                          = 264241152                                 {product} {ergonomic}
   size_t MarkStackSize                            = 4194304                                   {product} {ergonomic}
   size_t MaxHeapSize                              = 4219469824                                {product} {ergonomic}
   size_t MaxNewSize                               = 2531262464                                {product} {ergonomic}
   size_t MinHeapDeltaBytes                        = 2097152                                   {product} {ergonomic}
   size_t MinHeapSize                              = 8388608                                   {product} {ergonomic}
    uintx NonNMethodCodeHeapSize                   = 7602480                                {pd product} {ergonomic}
    uintx NonProfiledCodeHeapSize                  = 122027880                              {pd product} {ergonomic}
    uintx ProfiledCodeHeapSize                     = 122027880                              {pd product} {ergonomic}
    uintx ReservedCodeCacheSize                    = 251658240                              {pd product} {ergonomic}
     bool SegmentedCodeCache                       = true                                      {product} {ergonomic}
   size_t SoftMaxHeapSize                          = 4219469824                             {manageable} {ergonomic}
     bool UseCompressedOops                        = true                           {product lp64_product} {ergonomic}
     bool UseG1GC                                  = true                                      {product} {ergonomic}
     bool UseLargePagesIndividualAllocation        = false                                  {pd product} {ergonomic}

Logging:
Log output configuration:
 #0: stdout all=warning uptime,level,tags foldmultilines=false
 #1: stderr all=off uptime,level,tags foldmultilines=false

Environment Variables:
PATH=C:\Program Files\Common Files\Oracle\Java\javapath;C:\Program Files (x86)\Common Files\Oracle\Java\javapath;C:\Windows\system32;C:\Windows;C:\Windows\System32\Wbem;C:\Windows\System32\WindowsPowerShell\v1.0\;C:\Windows\System32\OpenSSH\;C:\Program Files (x86)\NVIDIA Corporation\PhysX\Common;C:\Program Files\NVIDIA Corporation\NVIDIA NvDLISR;C:\Program Files\PuTTY\;C:\Program Files\nodejs\;C:\Users\acer\Desktop\ffmpeg-master-latest-win64-gpl\ffmpeg-master-latest-win64-gpl\bin;C:\Program Files\Docker\Docker\resources\bin;C:\Program Files\Git\cmd;C:\Program Files\GitHub CLI\;%SystemRoot%\system32;%SystemRoot%;%SystemRoot%\System32\Wbem;%SYSTEMROOT%\System32\WindowsPowerShell\v1.0\;%SYSTEMROOT%\System32\OpenSSH\;C:\Program Files\MySQL\MySQL Shell 8.3\bin\;C:\Users\acer\AppData\Local\Programs\Python\Launcher\;C:\Users\acer\AppData\Local\Microsoft\WindowsApps;C:\Users\acer\AppData\Local\Programs\Microsoft VS Code\bin;C:\MinGW\bin;C:\Users\acer\AppData\Roaming\npm;C:\Users\acer\AppData\Local\GitHubDesktop\bin;C:\Program Files\JetBrains\IntelliJ IDEA 2023.3.2\bin;;C:\Program Files\JetBrains\IntelliJ IDEA Community Edition 2023.3.2\bin;;C:\Users\acer\AppData\Local\Programs\mongosh\;
USERNAME=acer
OS=Windows_NT
PROCESSOR_IDENTIFIER=Intel64 Family 6 Model 154 Stepping 3, GenuineIntel
TMP=C:\Users\acer\AppData\Local\Temp
TEMP=C:\Users\acer\AppData\Local\Temp




Periodic native trim disabled

---------------  S Y S T E M  ---------------

OS:
 Windows 11 , 64 bit Build 22621 (10.0.22621.3374)
OS uptime: 1 days 14:14 hours
Hyper-V role detected

CPU: total 16 (initial active 16) (8 cores per cpu, 2 threads per core) family 6 model 154 stepping 3 microcode 0x419, cx8, cmov, fxsr, ht, mmx, 3dnowpref, sse, sse2, sse3, ssse3, sse4.1, sse4.2, popcnt, lzcnt, tsc, tscinvbit, avx, avx2, aes, erms, clmul, bmi1, bmi2, adx, sha, fma, vzeroupper, clflush, clflushopt, clwb, hv, serialize, rdtscp, rdpid, fsrm, f16c, cet_ibt, cet_ss
Processor Information for processor 0
  Max Mhz: 1700, Current Mhz: 1700, Mhz Limit: 1700
Processor Information for processor 1
  Max Mhz: 1700, Current Mhz: 1700, Mhz Limit: 1700
Processor Information for processor 2
  Max Mhz: 1700, Current Mhz: 1700, Mhz Limit: 1700
Processor Information for processor 3
  Max Mhz: 1700, Current Mhz: 1700, Mhz Limit: 1700
Processor Information for processor 4
  Max Mhz: 1700, Current Mhz: 1700, Mhz Limit: 1700
Processor Information for processor 5
  Max Mhz: 1700, Current Mhz: 1700, Mhz Limit: 1700
Processor Information for processor 6
  Max Mhz: 1700, Current Mhz: 1700, Mhz Limit: 1700
Processor Information for processor 7
  Max Mhz: 1700, Current Mhz: 1700, Mhz Limit: 1700
Processor Information for processor 8
  Max Mhz: 1700, Current Mhz: 1200, Mhz Limit: 1190
Processor Information for processor 9
  Max Mhz: 1700, Current Mhz: 1200, Mhz Limit: 1190
Processor Information for processor 10
  Max Mhz: 1700, Current Mhz: 1200, Mhz Limit: 1190
Processor Information for processor 11
  Max Mhz: 1700, Current Mhz: 1200, Mhz Limit: 1190
Processor Information for processor 12
  Max Mhz: 1700, Current Mhz: 1200, Mhz Limit: 1190
Processor Information for processor 13
  Max Mhz: 1700, Current Mhz: 1200, Mhz Limit: 1190
Processor Information for processor 14
  Max Mhz: 1700, Current Mhz: 1200, Mhz Limit: 1190
Processor Information for processor 15
  Max Mhz: 1700, Current Mhz: 1200, Mhz Limit: 1190

Memory: 4k page, system-wide physical 16088M (1486M free)
TotalPageFile size 45724M (AvailPageFile size 10M)
current process WorkingSet (physical memory assigned to process): 454M, peak: 458M
current process commit charge ("private bytes"): 646M, peak: 676M

vm_info: Java HotSpot(TM) 64-Bit Server VM (21.0.1+12-LTS-29) for windows-amd64 JRE (21.0.1+12-LTS-29), built on 2023-10-05T13:27:09Z by "mach5one" with MS VC++ 17.1 (VS2022)

END.
